1610987188 0 0 0 0 0
1610987388 0 0 0 0 0
1610987788 0 0 0 0 0
1610988588 0 0 0 0 0
1610990188 0 0 0 0 0
1610993388 0 0 0 0 0
1610996588 0 0 0 0 0
1610999788 0 0 0 0 0
1611002988 0 0 0 0 0
1611006188 0 0 0 0 0
1611009388 0 0 0 0 0
1611012588 0 0 0 0 0
1611015788 0 0 0 0 0
1611018988 0 0 0 0 0
1611022188 0 0 0 0 0
1611025388 0 0 0 0 0
1611028588 0 0 0 0 0
1611031788 0 0 0 0 0
1611034988 0 0 0 0 0
1611038188 0 0 0 0 0
1611041388 0 0 0 0 0
1611044588 0 0 0 0 0
1611047788 0 0 0 0 0
1611050988 0 0 0 0 0
1611054188 0 0 0 0 0
1611057388 0 0 0 0 0
1611060588 0 0 0 0 0
1611063788 0 0 0 0 0
1611066988 0 0 0 0 0
1611070188 0 0 0 0 0
1611073388 0 0 0 0 0
1611076588 0 0 0 0 0
1611079788 0 0 0 0 0
1611082988 0 0 0 0 0
1611086188 0 0 0 0 0
1611089388 0 0 0 0 0
1611092588 0 0 0 0 0
1611095788 0 0 0 0 0
1611098988 0 0 0 0 0
1611102188 0 0 0 0 0
1611105388 0 0 0 0 0
1611108588 0 0 0 0 0
1611111788 0 0 0 0 0
1611114988 0 0 0 0 0
1611118188 0 0 0 0 0
1611121388 0 0 0 0 0
1611124588 0 0 0 0 0
1611127788 0 0 0 0 0
1611130988 0 0 0 0 0
1611134188 0 0 0 0 0
1611137388 0 0 0 0 0
1611140588 0 0 0 0 0
1611140896 0 0 0 0 0
1611141096 0 0 0 0 0
1611141496 0 0 0 0 0
1611142296 0 0 0 0 0
1611143896 0 0 0 0 0
1611147096 0 0 0 0 0
1611150296 0 0 0 0 0
1611153496 0 0 0 0 0
1611156696 0 0 0 0 0
1611159896 0 0 0 0 0
1611163096 0 0 0 0 0
1611166296 0 0 0 0 0
1611169496 0 0 0 0 0
1611172696 0 0 0 0 0
1611175896 0 0 0 0 0
1611179096 0 0 0 0 0
1611182296 0 0 0 0 0
1611185496 0 0 0 0 0
1611188696 0 0 0 0 0
1611191896 0 0 0 0 0
1611195096 0 0 0 0 0
1611198296 0 0 0 0 0
1611201496 0 0 0 0 0
1611204696 0 0 0 0 0
1611207896 0 0 0 0 0
1611211096 0 0 0 0 0
1611214296 0 0 0 0 0
1611217496 0 0 0 0 0
1611220696 0 0 0 0 0
1611223896 0 0 0 0 0
1611227096 0 0 0 0 0
1611230296 0 0 0 0 0
1611233496 0 0 0 0 0
1611236696 0 0 0 0 0
1611239896 0 0 0 0 0
1611243096 0 0 0 0 0
1611246296 0 0 0 0 0
1611249496 0 0 0 0 0
1611252696 0 0 0 0 0
1611255896 0 0 0 0 0
1611259096 0 0 0 0 0
1611262296 0 0 0 0 0
1611265496 0 0 0 0 0
1611268696 0 0 0 0 0
1611271897 0 0 0 0 0
1611275097 0 0 0 0 0
1611278297 0 0 0 0 0
1611281497 0 0 0 0 0
1611284697 0 0 0 0 0
1611287897 0 0 0 0 0
1611291097 0 0 0 0 0
1611294297 0 0 0 0 0
1611297497 0 0 0 0 0
1611300697 0 0 0 0 0
1611303897 0 0 0 0 0
1611307097 0 0 0 0 0
1611310297 0 0 0 0 0
1611313497 0 0 0 0 0
1611316697 0 0 0 0 0
1611319897 0 0 0 0 0
1611323097 0 0 0 0 0
1611326297 0 0 0 0 0
1611329497 0 0 0 0 0
1611332697 0 0 0 0 0
1611335897 0 0 0 0 0
1611339097 0 0 0 0 0
1611342297 0 0 0 0 0
1611345497 0 0 0 0 0
1611348697 0 0 0 0 0
1611351897 0 0 0 0 0
1611355097 0 0 0 0 0
1611358297 0 0 0 0 0
1611361497 0 0 0 0 0
1611364697 0 0 0 0 0
1611367897 0 0 0 0 0
1611371097 0 0 0 0 0
1611374297 0 0 0 0 0
1611377497 0 0 0 0 0
1611380697 0 0 0 0 0
1611383897 0 0 0 0 0
1611387097 0 0 0 0 0
1611390297 0 0 0 0 0
1611393497 0 0 0 0 0
1611396697 0 0 0 0 0
1611399897 0 0 0 0 0
1611403097 0 0 0 0 0
1611406297 0 0 0 0 0
1611409497 0 0 0 0 0
1611412697 0 0 0 0 0
1611415897 0 0 0 0 0
1611419097 0 0 0 0 0
1611422297 0 0 0 0 0
1611425497 0 0 0 0 0
